<?xml version="1.0" encoding="UTF-8"?>
<!-- Generated by org.testng.reporters.JUnitReportReporter -->
<testsuite skipped="0" hostname="ADIL" name="com.ClearTripAssesmentV1.TestCase.TC_01" tests="1" failures="0" timestamp="15 Aug 2021 17:13:14 GMT" time="31.334" errors="0">
  <testcase name="roundTripBookingSearchTest" time="31.334" classname="com.ClearTripAssesmentV1.TestCase.TC_01"/>
</testsuite> <!-- com.ClearTripAssesmentV1.TestCase.TC_01 -->
