<?xml version="1.0" encoding="UTF-8"?>
<!-- Generated by org.testng.reporters.JUnitReportReporter -->
<testsuite skipped="0" hostname="ADIL" name="com.ClearTripAssesmentV1.TestCase.TC_02" tests="1" failures="0" timestamp="15 Aug 2021 10:02:05 GMT" time="6.207" errors="0">
  <testcase name="roundTripBookingSearchTest" time="6.207" classname="com.ClearTripAssesmentV1.TestCase.TC_02"/>
</testsuite> <!-- com.ClearTripAssesmentV1.TestCase.TC_02 -->
